[2023-12-05 09:37:30 [32mINFO [0;39m http-nio-8080-exec-1] [org.apache.catalina.core.ContainerBase.[Tomcat].[localhost].[/]] [36mInitializing Spring DispatcherServlet 'dispatcherServlet'[0;39m
[2023-12-05 09:37:30 [32mINFO [0;39m http-nio-8080-exec-1] [org.springframework.web.servlet.DispatcherServlet] [36mInitializing Servlet 'dispatcherServlet'[0;39m
[2023-12-05 09:37:30 [32mINFO [0;39m http-nio-8080-exec-1] [org.springframework.web.servlet.DispatcherServlet] [36mCompleted initialization in 1 ms[0;39m
[2023-12-05 09:37:30 [32mINFO [0;39m http-nio-8080-exec-6] [com.zaxxer.hikari.HikariDataSource] [36mHikariPool-2 - Starting...[0;39m
[2023-12-05 09:37:30 [32mINFO [0;39m http-nio-8080-exec-6] [com.zaxxer.hikari.pool.HikariPool] [36mHikariPool-2 - Added connection org.mariadb.jdbc.Connection@32bc4175[0;39m
[2023-12-05 09:37:30 [32mINFO [0;39m http-nio-8080-exec-6] [com.zaxxer.hikari.HikariDataSource] [36mHikariPool-2 - Start completed.[0;39m
[2023-12-05 09:41:07 [32mINFO [0;39m File Watcher] [org.springframework.boot.devtools.autoconfigure.LocalDevToolsAutoConfiguration$RestartingClassPathChangeChangedEventListener] [36mRestarting due to 1 class path change (0 additions, 1 deletion, 0 modifications)[0;39m
[2023-12-05 09:41:07 [32mINFO [0;39m Thread-15] [org.apache.coyote.http11.Http11NioProtocol] [36mStopping ProtocolHandler ["http-nio-8080"][0;39m
[2023-12-05 09:41:07 [32mINFO [0;39m Thread-15] [com.zaxxer.hikari.HikariDataSource] [36mHikariPool-2 - Shutdown initiated...[0;39m
[2023-12-05 09:41:07 [32mINFO [0;39m Thread-15] [com.zaxxer.hikari.HikariDataSource] [36mHikariPool-2 - Shutdown completed.[0;39m
[2023-12-05 09:41:07 [32mINFO [0;39m restartedMain] [com.green.greengram3.Greengram3Application] [36mStarting Greengram3Application using Java 17.0.8.1 with PID 10592 (D:\java\greengram3\target\classes started by Administrator in D:\java\greengram3)[0;39m
[2023-12-05 09:41:07 [32mINFO [0;39m restartedMain] [com.green.greengram3.Greengram3Application] [36mNo active profile set, falling back to 1 default profile: "default"[0;39m
[2023-12-05 09:41:07 [32mINFO [0;39m restartedMain] [org.springframework.boot.web.embedded.tomcat.TomcatWebServer] [36mTomcat initialized with port 8080 (http)[0;39m
[2023-12-05 09:41:07 [32mINFO [0;39m restartedMain] [org.apache.coyote.http11.Http11NioProtocol] [36mInitializing ProtocolHandler ["http-nio-8080"][0;39m
[2023-12-05 09:41:07 [32mINFO [0;39m restartedMain] [org.apache.catalina.core.StandardService] [36mStarting service [Tomcat][0;39m
[2023-12-05 09:41:07 [32mINFO [0;39m restartedMain] [org.apache.catalina.core.StandardEngine] [36mStarting Servlet engine: [Apache Tomcat/10.1.16][0;39m
[2023-12-05 09:41:07 [32mINFO [0;39m restartedMain] [org.apache.catalina.core.ContainerBase.[Tomcat].[localhost].[/]] [36mInitializing Spring embedded WebApplicationContext[0;39m
[2023-12-05 09:41:07 [32mINFO [0;39m restartedMain] [org.springframework.boot.web.servlet.context.ServletWebServerApplicationContext] [36mRoot WebApplicationContext: initialization completed in 182 ms[0;39m
[2023-12-05 09:41:07 [32mINFO [0;39m restartedMain] [org.springframework.boot.autoconfigure.web.servlet.WelcomePageHandlerMapping] [36mAdding welcome page: class path resource [static/index.html][0;39m
[2023-12-05 09:41:07 [32mINFO [0;39m restartedMain] [org.springframework.boot.devtools.autoconfigure.OptionalLiveReloadServer] [36mLiveReload server is running on port 35729[0;39m
[2023-12-05 09:41:07 [32mINFO [0;39m restartedMain] [org.apache.coyote.http11.Http11NioProtocol] [36mStarting ProtocolHandler ["http-nio-8080"][0;39m
[2023-12-05 09:41:07 [32mINFO [0;39m restartedMain] [org.springframework.boot.web.embedded.tomcat.TomcatWebServer] [36mTomcat started on port 8080 (http) with context path ''[0;39m
[2023-12-05 09:41:07 [32mINFO [0;39m restartedMain] [com.green.greengram3.Greengram3Application] [36mStarted Greengram3Application in 0.333 seconds (process running for 58724.714)[0;39m
[2023-12-05 09:41:07 [32mINFO [0;39m restartedMain] [org.springframework.boot.devtools.autoconfigure.ConditionEvaluationDeltaLoggingListener] [36mCondition evaluation unchanged[0;39m
[2023-12-05 09:41:08 [32mINFO [0;39m File Watcher] [org.springframework.boot.devtools.autoconfigure.LocalDevToolsAutoConfiguration$RestartingClassPathChangeChangedEventListener] [36mRestarting due to 1 class path change (1 addition, 0 deletions, 0 modifications)[0;39m
[2023-12-05 09:41:08 [32mINFO [0;39m Thread-19] [org.apache.coyote.http11.Http11NioProtocol] [36mStopping ProtocolHandler ["http-nio-8080"][0;39m
[2023-12-05 09:41:08 [32mINFO [0;39m restartedMain] [com.green.greengram3.Greengram3Application] [36mStarting Greengram3Application using Java 17.0.8.1 with PID 10592 (D:\java\greengram3\target\classes started by Administrator in D:\java\greengram3)[0;39m
[2023-12-05 09:41:08 [32mINFO [0;39m restartedMain] [com.green.greengram3.Greengram3Application] [36mNo active profile set, falling back to 1 default profile: "default"[0;39m
[2023-12-05 09:41:08 [32mINFO [0;39m restartedMain] [org.springframework.boot.web.embedded.tomcat.TomcatWebServer] [36mTomcat initialized with port 8080 (http)[0;39m
[2023-12-05 09:41:08 [32mINFO [0;39m restartedMain] [org.apache.coyote.http11.Http11NioProtocol] [36mInitializing ProtocolHandler ["http-nio-8080"][0;39m
[2023-12-05 09:41:08 [32mINFO [0;39m restartedMain] [org.apache.catalina.core.StandardService] [36mStarting service [Tomcat][0;39m
[2023-12-05 09:41:08 [32mINFO [0;39m restartedMain] [org.apache.catalina.core.StandardEngine] [36mStarting Servlet engine: [Apache Tomcat/10.1.16][0;39m
[2023-12-05 09:41:09 [32mINFO [0;39m restartedMain] [org.apache.catalina.core.ContainerBase.[Tomcat].[localhost].[/]] [36mInitializing Spring embedded WebApplicationContext[0;39m
[2023-12-05 09:41:09 [32mINFO [0;39m restartedMain] [org.springframework.boot.web.servlet.context.ServletWebServerApplicationContext] [36mRoot WebApplicationContext: initialization completed in 143 ms[0;39m
[2023-12-05 09:41:09 [32mINFO [0;39m restartedMain] [org.springframework.boot.autoconfigure.web.servlet.WelcomePageHandlerMapping] [36mAdding welcome page: class path resource [static/index.html][0;39m
[2023-12-05 09:41:09 [32mINFO [0;39m restartedMain] [org.springframework.boot.devtools.autoconfigure.OptionalLiveReloadServer] [36mLiveReload server is running on port 35729[0;39m
[2023-12-05 09:41:09 [32mINFO [0;39m restartedMain] [org.apache.coyote.http11.Http11NioProtocol] [36mStarting ProtocolHandler ["http-nio-8080"][0;39m
[2023-12-05 09:41:09 [32mINFO [0;39m restartedMain] [org.springframework.boot.web.embedded.tomcat.TomcatWebServer] [36mTomcat started on port 8080 (http) with context path ''[0;39m
[2023-12-05 09:41:09 [32mINFO [0;39m restartedMain] [com.green.greengram3.Greengram3Application] [36mStarted Greengram3Application in 0.265 seconds (process running for 58726.444)[0;39m
[2023-12-05 09:41:09 [32mINFO [0;39m restartedMain] [org.springframework.boot.devtools.autoconfigure.ConditionEvaluationDeltaLoggingListener] [36mCondition evaluation unchanged[0;39m
[2023-12-05 09:41:09 [32mINFO [0;39m http-nio-8080-exec-1] [org.apache.catalina.core.ContainerBase.[Tomcat].[localhost].[/]] [36mInitializing Spring DispatcherServlet 'dispatcherServlet'[0;39m
[2023-12-05 09:41:09 [32mINFO [0;39m http-nio-8080-exec-1] [org.springframework.web.servlet.DispatcherServlet] [36mInitializing Servlet 'dispatcherServlet'[0;39m
[2023-12-05 09:41:09 [32mINFO [0;39m http-nio-8080-exec-1] [org.springframework.web.servlet.DispatcherServlet] [36mCompleted initialization in 1 ms[0;39m
[2023-12-05 09:41:09 [32mINFO [0;39m http-nio-8080-exec-1] [com.zaxxer.hikari.HikariDataSource] [36mHikariPool-3 - Starting...[0;39m
[2023-12-05 09:41:09 [32mINFO [0;39m http-nio-8080-exec-1] [com.zaxxer.hikari.pool.HikariPool] [36mHikariPool-3 - Added connection org.mariadb.jdbc.Connection@6f7506c5[0;39m
[2023-12-05 09:41:09 [32mINFO [0;39m http-nio-8080-exec-1] [com.zaxxer.hikari.HikariDataSource] [36mHikariPool-3 - Start completed.[0;39m
[2023-12-05 09:43:04 [32mINFO [0;39m File Watcher] [org.springframework.boot.devtools.autoconfigure.LocalDevToolsAutoConfiguration$RestartingClassPathChangeChangedEventListener] [36mRestarting due to 1 class path change (0 additions, 1 deletion, 0 modifications)[0;39m
[2023-12-05 09:43:04 [32mINFO [0;39m Thread-23] [org.apache.coyote.http11.Http11NioProtocol] [36mStopping ProtocolHandler ["http-nio-8080"][0;39m
[2023-12-05 09:43:04 [32mINFO [0;39m Thread-23] [com.zaxxer.hikari.HikariDataSource] [36mHikariPool-3 - Shutdown initiated...[0;39m
[2023-12-05 09:43:04 [32mINFO [0;39m Thread-23] [com.zaxxer.hikari.HikariDataSource] [36mHikariPool-3 - Shutdown completed.[0;39m
[2023-12-05 09:43:04 [32mINFO [0;39m restartedMain] [com.green.greengram3.Greengram3Application] [36mStarting Greengram3Application using Java 17.0.8.1 with PID 10592 (D:\java\greengram3\target\classes started by Administrator in D:\java\greengram3)[0;39m
[2023-12-05 09:43:04 [32mINFO [0;39m restartedMain] [com.green.greengram3.Greengram3Application] [36mNo active profile set, falling back to 1 default profile: "default"[0;39m
[2023-12-05 09:43:04 [32mINFO [0;39m restartedMain] [org.springframework.boot.web.embedded.tomcat.TomcatWebServer] [36mTomcat initialized with port 8080 (http)[0;39m
[2023-12-05 09:43:04 [32mINFO [0;39m restartedMain] [org.apache.coyote.http11.Http11NioProtocol] [36mInitializing ProtocolHandler ["http-nio-8080"][0;39m
[2023-12-05 09:43:04 [32mINFO [0;39m restartedMain] [org.apache.catalina.core.StandardService] [36mStarting service [Tomcat][0;39m
[2023-12-05 09:43:04 [32mINFO [0;39m restartedMain] [org.apache.catalina.core.StandardEngine] [36mStarting Servlet engine: [Apache Tomcat/10.1.16][0;39m
[2023-12-05 09:43:04 [32mINFO [0;39m restartedMain] [org.apache.catalina.core.ContainerBase.[Tomcat].[localhost].[/]] [36mInitializing Spring embedded WebApplicationContext[0;39m
[2023-12-05 09:43:04 [32mINFO [0;39m restartedMain] [org.springframework.boot.web.servlet.context.ServletWebServerApplicationContext] [36mRoot WebApplicationContext: initialization completed in 149 ms[0;39m
[2023-12-05 09:43:04 [32mINFO [0;39m restartedMain] [org.springframework.boot.autoconfigure.web.servlet.WelcomePageHandlerMapping] [36mAdding welcome page: class path resource [static/index.html][0;39m
[2023-12-05 09:43:04 [32mINFO [0;39m restartedMain] [org.springframework.boot.devtools.autoconfigure.OptionalLiveReloadServer] [36mLiveReload server is running on port 35729[0;39m
[2023-12-05 09:43:04 [32mINFO [0;39m restartedMain] [org.apache.coyote.http11.Http11NioProtocol] [36mStarting ProtocolHandler ["http-nio-8080"][0;39m
[2023-12-05 09:43:04 [32mINFO [0;39m restartedMain] [org.springframework.boot.web.embedded.tomcat.TomcatWebServer] [36mTomcat started on port 8080 (http) with context path ''[0;39m
[2023-12-05 09:43:04 [32mINFO [0;39m restartedMain] [com.green.greengram3.Greengram3Application] [36mStarted Greengram3Application in 0.279 seconds (process running for 58842.098)[0;39m
[2023-12-05 09:43:04 [32mINFO [0;39m restartedMain] [org.springframework.boot.devtools.autoconfigure.ConditionEvaluationDeltaLoggingListener] [36mCondition evaluation unchanged[0;39m
[2023-12-05 09:43:06 [32mINFO [0;39m File Watcher] [org.springframework.boot.devtools.autoconfigure.LocalDevToolsAutoConfiguration$RestartingClassPathChangeChangedEventListener] [36mRestarting due to 1 class path change (1 addition, 0 deletions, 0 modifications)[0;39m
[2023-12-05 09:43:06 [32mINFO [0;39m Thread-27] [org.apache.coyote.http11.Http11NioProtocol] [36mStopping ProtocolHandler ["http-nio-8080"][0;39m
[2023-12-05 09:43:06 [32mINFO [0;39m restartedMain] [com.green.greengram3.Greengram3Application] [36mStarting Greengram3Application using Java 17.0.8.1 with PID 10592 (D:\java\greengram3\target\classes started by Administrator in D:\java\greengram3)[0;39m
[2023-12-05 09:43:06 [32mINFO [0;39m restartedMain] [com.green.greengram3.Greengram3Application] [36mNo active profile set, falling back to 1 default profile: "default"[0;39m
[2023-12-05 09:43:06 [32mINFO [0;39m restartedMain] [org.springframework.boot.web.embedded.tomcat.TomcatWebServer] [36mTomcat initialized with port 8080 (http)[0;39m
[2023-12-05 09:43:06 [32mINFO [0;39m restartedMain] [org.apache.coyote.http11.Http11NioProtocol] [36mInitializing ProtocolHandler ["http-nio-8080"][0;39m
[2023-12-05 09:43:06 [32mINFO [0;39m restartedMain] [org.apache.catalina.core.StandardService] [36mStarting service [Tomcat][0;39m
[2023-12-05 09:43:06 [32mINFO [0;39m restartedMain] [org.apache.catalina.core.StandardEngine] [36mStarting Servlet engine: [Apache Tomcat/10.1.16][0;39m
[2023-12-05 09:43:06 [32mINFO [0;39m restartedMain] [org.apache.catalina.core.ContainerBase.[Tomcat].[localhost].[/]] [36mInitializing Spring embedded WebApplicationContext[0;39m
[2023-12-05 09:43:06 [32mINFO [0;39m restartedMain] [org.springframework.boot.web.servlet.context.ServletWebServerApplicationContext] [36mRoot WebApplicationContext: initialization completed in 144 ms[0;39m
[2023-12-05 09:43:06 [32mINFO [0;39m restartedMain] [org.springframework.boot.autoconfigure.web.servlet.WelcomePageHandlerMapping] [36mAdding welcome page: class path resource [static/index.html][0;39m
[2023-12-05 09:43:06 [32mINFO [0;39m restartedMain] [org.springframework.boot.devtools.autoconfigure.OptionalLiveReloadServer] [36mLiveReload server is running on port 35729[0;39m
[2023-12-05 09:43:06 [32mINFO [0;39m restartedMain] [org.apache.coyote.http11.Http11NioProtocol] [36mStarting ProtocolHandler ["http-nio-8080"][0;39m
[2023-12-05 09:43:06 [32mINFO [0;39m restartedMain] [org.springframework.boot.web.embedded.tomcat.TomcatWebServer] [36mTomcat started on port 8080 (http) with context path ''[0;39m
[2023-12-05 09:43:06 [32mINFO [0;39m restartedMain] [com.green.greengram3.Greengram3Application] [36mStarted Greengram3Application in 0.266 seconds (process running for 58843.847)[0;39m
[2023-12-05 09:43:06 [32mINFO [0;39m restartedMain] [org.springframework.boot.devtools.autoconfigure.ConditionEvaluationDeltaLoggingListener] [36mCondition evaluation unchanged[0;39m
[2023-12-05 09:43:38 [32mINFO [0;39m File Watcher] [org.springframework.boot.devtools.autoconfigure.LocalDevToolsAutoConfiguration$RestartingClassPathChangeChangedEventListener] [36mRestarting due to 1 class path change (0 additions, 0 deletions, 1 modification)[0;39m
[2023-12-05 09:43:38 [32mINFO [0;39m Thread-31] [org.apache.coyote.http11.Http11NioProtocol] [36mStopping ProtocolHandler ["http-nio-8080"][0;39m
[2023-12-05 09:43:38 [32mINFO [0;39m restartedMain] [com.green.greengram3.Greengram3Application] [36mStarting Greengram3Application using Java 17.0.8.1 with PID 10592 (D:\java\greengram3\target\classes started by Administrator in D:\java\greengram3)[0;39m
[2023-12-05 09:43:38 [32mINFO [0;39m restartedMain] [com.green.greengram3.Greengram3Application] [36mNo active profile set, falling back to 1 default profile: "default"[0;39m
[2023-12-05 09:43:38 [32mINFO [0;39m restartedMain] [org.springframework.boot.web.embedded.tomcat.TomcatWebServer] [36mTomcat initialized with port 8080 (http)[0;39m
[2023-12-05 09:43:38 [32mINFO [0;39m restartedMain] [org.apache.coyote.http11.Http11NioProtocol] [36mInitializing ProtocolHandler ["http-nio-8080"][0;39m
[2023-12-05 09:43:38 [32mINFO [0;39m restartedMain] [org.apache.catalina.core.StandardService] [36mStarting service [Tomcat][0;39m
[2023-12-05 09:43:38 [32mINFO [0;39m restartedMain] [org.apache.catalina.core.StandardEngine] [36mStarting Servlet engine: [Apache Tomcat/10.1.16][0;39m
[2023-12-05 09:43:38 [32mINFO [0;39m restartedMain] [org.apache.catalina.core.ContainerBase.[Tomcat].[localhost].[/]] [36mInitializing Spring embedded WebApplicationContext[0;39m
[2023-12-05 09:43:38 [32mINFO [0;39m restartedMain] [org.springframework.boot.web.servlet.context.ServletWebServerApplicationContext] [36mRoot WebApplicationContext: initialization completed in 148 ms[0;39m
[2023-12-05 09:43:38 [33mWARN [0;39m restartedMain] [org.springframework.boot.web.servlet.context.AnnotationConfigServletWebServerApplicationContext] [36mException encountered during context initialization - cancelling refresh attempt: org.springframework.beans.factory.UnsatisfiedDependencyException: Error creating bean with name 'feedCommentService' defined in file [D:\java\greengram3\target\classes\com\green\greengram3\feed\FeedCommentService.class]: Unsatisfied dependency expressed through constructor parameter 0: Error creating bean with name 'feedCommentMapper' defined in file [D:\java\greengram3\target\classes\com\green\greengram3\feed\FeedCommentMapper.class]: Cannot resolve reference to bean 'sqlSessionTemplate' while setting bean property 'sqlSessionTemplate'[0;39m
[2023-12-05 09:43:38 [32mINFO [0;39m restartedMain] [org.apache.catalina.core.StandardService] [36mStopping service [Tomcat][0;39m
[2023-12-05 09:43:38 [32mINFO [0;39m restartedMain] [org.springframework.boot.autoconfigure.logging.ConditionEvaluationReportLogger] [36m

Error starting ApplicationContext. To display the condition evaluation report re-run your application with 'debug' enabled.[0;39m
[2023-12-05 09:43:38 [31mERROR[0;39m restartedMain] [org.springframework.boot.SpringApplication] [36mApplication run failed[0;39m
org.springframework.beans.factory.UnsatisfiedDependencyException: Error creating bean with name 'feedCommentService' defined in file [D:\java\greengram3\target\classes\com\green\greengram3\feed\FeedCommentService.class]: Unsatisfied dependency expressed through constructor parameter 0: Error creating bean with name 'feedCommentMapper' defined in file [D:\java\greengram3\target\classes\com\green\greengram3\feed\FeedCommentMapper.class]: Cannot resolve reference to bean 'sqlSessionTemplate' while setting bean property 'sqlSessionTemplate'
	at org.springframework.beans.factory.support.ConstructorResolver.createArgumentArray(ConstructorResolver.java:802)
	at org.springframework.beans.factory.support.ConstructorResolver.autowireConstructor(ConstructorResolver.java:241)
	at org.springframework.beans.factory.support.AbstractAutowireCapableBeanFactory.autowireConstructor(AbstractAutowireCapableBeanFactory.java:1356)
	at org.springframework.beans.factory.support.AbstractAutowireCapableBeanFactory.createBeanInstance(AbstractAutowireCapableBeanFactory.java:1193)
	at org.springframework.beans.factory.support.AbstractAutowireCapableBeanFactory.doCreateBean(AbstractAutowireCapableBeanFactory.java:563)
	at org.springframework.beans.factory.support.AbstractAutowireCapableBeanFactory.createBean(AbstractAutowireCapableBeanFactory.java:523)
	at org.springframework.beans.factory.support.AbstractBeanFactory.lambda$doGetBean$0(AbstractBeanFactory.java:325)
	at org.springframework.beans.factory.support.DefaultSingletonBeanRegistry.getSingleton(DefaultSingletonBeanRegistry.java:234)
	at org.springframework.beans.factory.support.AbstractBeanFactory.doGetBean(AbstractBeanFactory.java:323)
	at org.springframework.beans.factory.support.AbstractBeanFactory.getBean(AbstractBeanFactory.java:199)
	at org.springframework.beans.factory.support.DefaultListableBeanFactory.preInstantiateSingletons(DefaultListableBeanFactory.java:973)
	at org.springframework.context.support.AbstractApplicationContext.finishBeanFactoryInitialization(AbstractApplicationContext.java:946)
	at org.springframework.context.support.AbstractApplicationContext.refresh(AbstractApplicationContext.java:616)
	at org.springframework.boot.web.servlet.context.ServletWebServerApplicationContext.refresh(ServletWebServerApplicationContext.java:146)
	at org.springframework.boot.SpringApplication.refresh(SpringApplication.java:753)
	at org.springframework.boot.SpringApplication.refreshContext(SpringApplication.java:455)
	at org.springframework.boot.SpringApplication.run(SpringApplication.java:323)
	at org.springframework.boot.SpringApplication.run(SpringApplication.java:1342)
	at org.springframework.boot.SpringApplication.run(SpringApplication.java:1331)
	at com.green.greengram3.Greengram3Application.main(Greengram3Application.java:10)
	at java.base/jdk.internal.reflect.NativeMethodAccessorImpl.invoke0(Native Method)
	at java.base/jdk.internal.reflect.NativeMethodAccessorImpl.invoke(NativeMethodAccessorImpl.java:77)
	at java.base/jdk.internal.reflect.DelegatingMethodAccessorImpl.invoke(DelegatingMethodAccessorImpl.java:43)
	at java.base/java.lang.reflect.Method.invoke(Method.java:568)
	at org.springframework.boot.devtools.restart.RestartLauncher.run(RestartLauncher.java:50)
Caused by: org.springframework.beans.factory.BeanCreationException: Error creating bean with name 'feedCommentMapper' defined in file [D:\java\greengram3\target\classes\com\green\greengram3\feed\FeedCommentMapper.class]: Cannot resolve reference to bean 'sqlSessionTemplate' while setting bean property 'sqlSessionTemplate'
	at org.springframework.beans.factory.support.BeanDefinitionValueResolver.resolveReference(BeanDefinitionValueResolver.java:377)
	at org.springframework.beans.factory.support.BeanDefinitionValueResolver.resolveValueIfNecessary(BeanDefinitionValueResolver.java:135)
	at org.springframework.beans.factory.support.AbstractAutowireCapableBeanFactory.applyPropertyValues(AbstractAutowireCapableBeanFactory.java:1686)
	at org.springframework.beans.factory.support.AbstractAutowireCapableBeanFactory.populateBean(AbstractAutowireCapableBeanFactory.java:1435)
	at org.springframework.beans.factory.support.AbstractAutowireCapableBeanFactory.doCreateBean(AbstractAutowireCapableBeanFactory.java:600)
	at org.springframework.beans.factory.support.AbstractAutowireCapableBeanFactory.createBean(AbstractAutowireCapableBeanFactory.java:523)
	at org.springframework.beans.factory.support.AbstractBeanFactory.lambda$doGetBean$0(AbstractBeanFactory.java:325)
	at org.springframework.beans.factory.support.DefaultSingletonBeanRegistry.getSingleton(DefaultSingletonBeanRegistry.java:234)
	at org.springframework.beans.factory.support.AbstractBeanFactory.doGetBean(AbstractBeanFactory.java:323)
	at org.springframework.beans.factory.support.AbstractBeanFactory.getBean(AbstractBeanFactory.java:199)
	at org.springframework.beans.factory.config.DependencyDescriptor.resolveCandidate(DependencyDescriptor.java:254)
	at org.springframework.beans.factory.support.DefaultListableBeanFactory.doResolveDependency(DefaultListableBeanFactory.java:1441)
	at org.springframework.beans.factory.support.DefaultListableBeanFactory.resolveDependency(DefaultListableBeanFactory.java:1348)
	at org.springframework.beans.factory.support.ConstructorResolver.resolveAutowiredArgument(ConstructorResolver.java:911)
	at org.springframework.beans.factory.support.ConstructorResolver.createArgumentArray(ConstructorResolver.java:789)
	... 24 common frames omitted
Caused by: org.springframework.beans.factory.UnsatisfiedDependencyException: Error creating bean with name 'sqlSessionTemplate' defined in class path resource [org/mybatis/spring/boot/autoconfigure/MybatisAutoConfiguration.class]: Unsatisfied dependency expressed through method 'sqlSessionTemplate' parameter 0: Error creating bean with name 'sqlSessionFactory' defined in class path resource [org/mybatis/spring/boot/autoconfigure/MybatisAutoConfiguration.class]: Failed to instantiate [org.apache.ibatis.session.SqlSessionFactory]: Factory method 'sqlSessionFactory' threw exception with message: Failed to parse mapping resource: 'file [D:\java\greengram3\target\classes\mappers\UserMapper.xml]'
	at org.springframework.beans.factory.support.ConstructorResolver.createArgumentArray(ConstructorResolver.java:802)
	at org.springframework.beans.factory.support.ConstructorResolver.instantiateUsingFactoryMethod(ConstructorResolver.java:546)
	at org.springframework.beans.factory.support.AbstractAutowireCapableBeanFactory.instantiateUsingFactoryMethod(AbstractAutowireCapableBeanFactory.java:1336)
	at org.springframework.beans.factory.support.AbstractAutowireCapableBeanFactory.createBeanInstance(AbstractAutowireCapableBeanFactory.java:1166)
	at org.springframework.beans.factory.support.AbstractAutowireCapableBeanFactory.doCreateBean(AbstractAutowireCapableBeanFactory.java:563)
	at org.springframework.beans.factory.support.AbstractAutowireCapableBeanFactory.createBean(AbstractAutowireCapableBeanFactory.java:523)
	at org.springframework.beans.factory.support.AbstractBeanFactory.lambda$doGetBean$0(AbstractBeanFactory.java:325)
	at org.springframework.beans.factory.support.DefaultSingletonBeanRegistry.getSingleton(DefaultSingletonBeanRegistry.java:234)
	at org.springframework.beans.factory.support.AbstractBeanFactory.doGetBean(AbstractBeanFactory.java:323)
	at org.springframework.beans.factory.support.AbstractBeanFactory.getBean(AbstractBeanFactory.java:199)
	at org.springframework.beans.factory.support.BeanDefinitionValueResolver.resolveReference(BeanDefinitionValueResolver.java:365)
	... 38 common frames omitted
Caused by: org.springframework.beans.factory.BeanCreationException: Error creating bean with name 'sqlSessionFactory' defined in class path resource [org/mybatis/spring/boot/autoconfigure/MybatisAutoConfiguration.class]: Failed to instantiate [org.apache.ibatis.session.SqlSessionFactory]: Factory method 'sqlSessionFactory' threw exception with message: Failed to parse mapping resource: 'file [D:\java\greengram3\target\classes\mappers\UserMapper.xml]'
	at org.springframework.beans.factory.support.ConstructorResolver.instantiate(ConstructorResolver.java:655)
	at org.springframework.beans.factory.support.ConstructorResolver.instantiateUsingFactoryMethod(ConstructorResolver.java:643)
	at org.springframework.beans.factory.support.AbstractAutowireCapableBeanFactory.instantiateUsingFactoryMethod(AbstractAutowireCapableBeanFactory.java:1336)
	at org.springframework.beans.factory.support.AbstractAutowireCapableBeanFactory.createBeanInstance(AbstractAutowireCapableBeanFactory.java:1166)
	at org.springframework.beans.factory.support.AbstractAutowireCapableBeanFactory.doCreateBean(AbstractAutowireCapableBeanFactory.java:563)
	at org.springframework.beans.factory.support.AbstractAutowireCapableBeanFactory.createBean(AbstractAutowireCapableBeanFactory.java:523)
	at org.springframework.beans.factory.support.AbstractBeanFactory.lambda$doGetBean$0(AbstractBeanFactory.java:325)
	at org.springframework.beans.factory.support.DefaultSingletonBeanRegistry.getSingleton(DefaultSingletonBeanRegistry.java:234)
	at org.springframework.beans.factory.support.AbstractBeanFactory.doGetBean(AbstractBeanFactory.java:323)
	at org.springframework.beans.factory.support.AbstractBeanFactory.getBean(AbstractBeanFactory.java:199)
	at org.springframework.beans.factory.config.DependencyDescriptor.resolveCandidate(DependencyDescriptor.java:254)
	at org.springframework.beans.factory.support.DefaultListableBeanFactory.doResolveDependency(DefaultListableBeanFactory.java:1441)
	at org.springframework.beans.factory.support.DefaultListableBeanFactory.resolveDependency(DefaultListableBeanFactory.java:1348)
	at org.springframework.beans.factory.support.ConstructorResolver.resolveAutowiredArgument(ConstructorResolver.java:911)
	at org.springframework.beans.factory.support.ConstructorResolver.createArgumentArray(ConstructorResolver.java:789)
	... 48 common frames omitted
Caused by: org.springframework.beans.BeanInstantiationException: Failed to instantiate [org.apache.ibatis.session.SqlSessionFactory]: Factory method 'sqlSessionFactory' threw exception with message: Failed to parse mapping resource: 'file [D:\java\greengram3\target\classes\mappers\UserMapper.xml]'
	at org.springframework.beans.factory.support.SimpleInstantiationStrategy.instantiate(SimpleInstantiationStrategy.java:178)
	at org.springframework.beans.factory.support.ConstructorResolver.instantiate(ConstructorResolver.java:651)
	... 62 common frames omitted
Caused by: java.io.IOException: Failed to parse mapping resource: 'file [D:\java\greengram3\target\classes\mappers\UserMapper.xml]'
	at org.mybatis.spring.SqlSessionFactoryBean.buildSqlSessionFactory(SqlSessionFactoryBean.java:700)
	at org.mybatis.spring.SqlSessionFactoryBean.afterPropertiesSet(SqlSessionFactoryBean.java:577)
	at org.mybatis.spring.SqlSessionFactoryBean.getObject(SqlSessionFactoryBean.java:720)
	at org.mybatis.spring.boot.autoconfigure.MybatisAutoConfiguration.sqlSessionFactory(MybatisAutoConfiguration.java:189)
	at java.base/jdk.internal.reflect.NativeMethodAccessorImpl.invoke0(Native Method)
	at java.base/jdk.internal.reflect.NativeMethodAccessorImpl.invoke(NativeMethodAccessorImpl.java:77)
	at java.base/jdk.internal.reflect.DelegatingMethodAccessorImpl.invoke(DelegatingMethodAccessorImpl.java:43)
	at java.base/java.lang.reflect.Method.invoke(Method.java:568)
	at org.springframework.beans.factory.support.SimpleInstantiationStrategy.instantiate(SimpleInstantiationStrategy.java:140)
	... 63 common frames omitted
Caused by: org.apache.ibatis.builder.BuilderException: Error creating document instance.  Cause: org.xml.sax.SAXParseException; lineNumber: 44; columnNumber: 6; 요소 콘텐츠는 올바른 형식의 문자 데이터 또는 마크업으로 구성되어야 합니다.
	at org.apache.ibatis.parsing.XPathParser.createDocument(XPathParser.java:262)
	at org.apache.ibatis.parsing.XPathParser.<init>(XPathParser.java:127)
	at org.apache.ibatis.builder.xml.XMLMapperBuilder.<init>(XMLMapperBuilder.java:85)
	at org.mybatis.spring.SqlSessionFactoryBean.buildSqlSessionFactory(SqlSessionFactoryBean.java:697)
	... 71 common frames omitted
Caused by: org.xml.sax.SAXParseException: 요소 콘텐츠는 올바른 형식의 문자 데이터 또는 마크업으로 구성되어야 합니다.
	at java.xml/com.sun.org.apache.xerces.internal.util.ErrorHandlerWrapper.createSAXParseException(ErrorHandlerWrapper.java:204)
	at java.xml/com.sun.org.apache.xerces.internal.util.ErrorHandlerWrapper.fatalError(ErrorHandlerWrapper.java:178)
	at java.xml/com.sun.org.apache.xerces.internal.impl.XMLErrorReporter.reportError(XMLErrorReporter.java:400)
	at java.xml/com.sun.org.apache.xerces.internal.impl.XMLErrorReporter.reportError(XMLErrorReporter.java:327)
	at java.xml/com.sun.org.apache.xerces.internal.impl.XMLScanner.reportFatalError(XMLScanner.java:1465)
	at java.xml/com.sun.org.apache.xerces.internal.impl.XMLDocumentFragmentScannerImpl$FragmentContentDriver.startOfMarkup(XMLDocumentFragmentScannerImpl.java:2589)
	at java.xml/com.sun.org.apache.xerces.internal.impl.XMLDocumentFragmentScannerImpl$FragmentContentDriver.next(XMLDocumentFragmentScannerImpl.java:2679)
	at java.xml/com.sun.org.apache.xerces.internal.impl.XMLDocumentScannerImpl.next(XMLDocumentScannerImpl.java:605)
	at java.xml/com.sun.org.apache.xerces.internal.impl.XMLDocumentFragmentScannerImpl.scanDocument(XMLDocumentFragmentScannerImpl.java:542)
	at java.xml/com.sun.org.apache.xerces.internal.parsers.XML11Configuration.parse(XML11Configuration.java:889)
	at java.xml/com.sun.org.apache.xerces.internal.parsers.XML11Configuration.parse(XML11Configuration.java:825)
	at java.xml/com.sun.org.apache.xerces.internal.parsers.XMLParser.parse(XMLParser.java:141)
	at java.xml/com.sun.org.apache.xerces.internal.parsers.DOMParser.parse(DOMParser.java:247)
	at java.xml/com.sun.org.apache.xerces.internal.jaxp.DocumentBuilderImpl.parse(DocumentBuilderImpl.java:342)
	at org.apache.ibatis.parsing.XPathParser.createDocument(XPathParser.java:260)
	... 74 common frames omitted
[2023-12-05 09:44:54 [32mINFO [0;39m restartedMain] [com.green.greengram3.Greengram3Application] [36mStarting Greengram3Application using Java 17.0.8.1 with PID 10592 (D:\java\greengram3\target\classes started by Administrator in D:\java\greengram3)[0;39m
[2023-12-05 09:44:54 [32mINFO [0;39m restartedMain] [com.green.greengram3.Greengram3Application] [36mNo active profile set, falling back to 1 default profile: "default"[0;39m
[2023-12-05 09:44:54 [32mINFO [0;39m restartedMain] [org.springframework.boot.web.embedded.tomcat.TomcatWebServer] [36mTomcat initialized with port 8080 (http)[0;39m
[2023-12-05 09:44:54 [32mINFO [0;39m restartedMain] [org.apache.coyote.http11.Http11NioProtocol] [36mInitializing ProtocolHandler ["http-nio-8080"][0;39m
[2023-12-05 09:44:54 [32mINFO [0;39m restartedMain] [org.apache.catalina.core.StandardService] [36mStarting service [Tomcat][0;39m
[2023-12-05 09:44:54 [32mINFO [0;39m restartedMain] [org.apache.catalina.core.StandardEngine] [36mStarting Servlet engine: [Apache Tomcat/10.1.16][0;39m
[2023-12-05 09:44:54 [32mINFO [0;39m restartedMain] [org.apache.catalina.core.ContainerBase.[Tomcat-1].[localhost].[/]] [36mInitializing Spring embedded WebApplicationContext[0;39m
[2023-12-05 09:44:54 [32mINFO [0;39m restartedMain] [org.springframework.boot.web.servlet.context.ServletWebServerApplicationContext] [36mRoot WebApplicationContext: initialization completed in 146 ms[0;39m
[2023-12-05 09:44:55 [32mINFO [0;39m restartedMain] [org.springframework.boot.autoconfigure.web.servlet.WelcomePageHandlerMapping] [36mAdding welcome page: class path resource [static/index.html][0;39m
[2023-12-05 09:44:55 [32mINFO [0;39m restartedMain] [org.springframework.boot.devtools.autoconfigure.OptionalLiveReloadServer] [36mLiveReload server is running on port 35729[0;39m
[2023-12-05 09:44:55 [32mINFO [0;39m restartedMain] [org.apache.coyote.http11.Http11NioProtocol] [36mStarting ProtocolHandler ["http-nio-8080"][0;39m
[2023-12-05 09:44:55 [32mINFO [0;39m restartedMain] [org.springframework.boot.web.embedded.tomcat.TomcatWebServer] [36mTomcat started on port 8080 (http) with context path ''[0;39m
[2023-12-05 09:44:55 [32mINFO [0;39m restartedMain] [com.green.greengram3.Greengram3Application] [36mStarted Greengram3Application in 0.273 seconds (process running for 58952.41)[0;39m
[2023-12-05 09:44:55 [32mINFO [0;39m restartedMain] [org.springframework.boot.devtools.autoconfigure.ConditionEvaluationDeltaLoggingListener] [36mCondition evaluation unchanged[0;39m
[2023-12-05 09:48:50 [32mINFO [0;39m File Watcher] [org.springframework.boot.devtools.autoconfigure.LocalDevToolsAutoConfiguration$RestartingClassPathChangeChangedEventListener] [36mRestarting due to 1 class path change (0 additions, 0 deletions, 1 modification)[0;39m
[2023-12-05 09:48:50 [32mINFO [0;39m Thread-35] [org.apache.coyote.http11.Http11NioProtocol] [36mStopping ProtocolHandler ["http-nio-8080"][0;39m
[2023-12-05 09:48:50 [32mINFO [0;39m restartedMain] [com.green.greengram3.Greengram3Application] [36mStarting Greengram3Application using Java 17.0.8.1 with PID 10592 (D:\java\greengram3\target\classes started by Administrator in D:\java\greengram3)[0;39m
[2023-12-05 09:48:50 [32mINFO [0;39m restartedMain] [com.green.greengram3.Greengram3Application] [36mNo active profile set, falling back to 1 default profile: "default"[0;39m
[2023-12-05 09:48:50 [32mINFO [0;39m restartedMain] [org.springframework.boot.web.embedded.tomcat.TomcatWebServer] [36mTomcat initialized with port 8080 (http)[0;39m
[2023-12-05 09:48:50 [32mINFO [0;39m restartedMain] [org.apache.coyote.http11.Http11NioProtocol] [36mInitializing ProtocolHandler ["http-nio-8080"][0;39m
[2023-12-05 09:48:50 [32mINFO [0;39m restartedMain] [org.apache.catalina.core.StandardService] [36mStarting service [Tomcat][0;39m
[2023-12-05 09:48:50 [32mINFO [0;39m restartedMain] [org.apache.catalina.core.StandardEngine] [36mStarting Servlet engine: [Apache Tomcat/10.1.16][0;39m
[2023-12-05 09:48:50 [32mINFO [0;39m restartedMain] [org.apache.catalina.core.ContainerBase.[Tomcat-1].[localhost].[/]] [36mInitializing Spring embedded WebApplicationContext[0;39m
[2023-12-05 09:48:50 [32mINFO [0;39m restartedMain] [org.springframework.boot.web.servlet.context.ServletWebServerApplicationContext] [36mRoot WebApplicationContext: initialization completed in 154 ms[0;39m
[2023-12-05 09:48:50 [32mINFO [0;39m restartedMain] [org.springframework.boot.autoconfigure.web.servlet.WelcomePageHandlerMapping] [36mAdding welcome page: class path resource [static/index.html][0;39m
[2023-12-05 09:48:50 [32mINFO [0;39m restartedMain] [org.springframework.boot.devtools.autoconfigure.OptionalLiveReloadServer] [36mLiveReload server is running on port 35729[0;39m
[2023-12-05 09:48:50 [32mINFO [0;39m restartedMain] [org.apache.coyote.http11.Http11NioProtocol] [36mStarting ProtocolHandler ["http-nio-8080"][0;39m
[2023-12-05 09:48:50 [32mINFO [0;39m restartedMain] [org.springframework.boot.web.embedded.tomcat.TomcatWebServer] [36mTomcat started on port 8080 (http) with context path ''[0;39m
[2023-12-05 09:48:50 [32mINFO [0;39m restartedMain] [com.green.greengram3.Greengram3Application] [36mStarted Greengram3Application in 0.284 seconds (process running for 59188.129)[0;39m
[2023-12-05 09:48:50 [32mINFO [0;39m restartedMain] [org.springframework.boot.devtools.autoconfigure.ConditionEvaluationDeltaLoggingListener] [36mCondition evaluation unchanged[0;39m
[2023-12-05 09:49:36 [32mINFO [0;39m File Watcher] [org.springframework.boot.devtools.autoconfigure.LocalDevToolsAutoConfiguration$RestartingClassPathChangeChangedEventListener] [36mRestarting due to 1 class path change (0 additions, 0 deletions, 1 modification)[0;39m
[2023-12-05 09:49:36 [32mINFO [0;39m Thread-42] [org.apache.coyote.http11.Http11NioProtocol] [36mStopping ProtocolHandler ["http-nio-8080"][0;39m
[2023-12-05 09:49:36 [32mINFO [0;39m restartedMain] [com.green.greengram3.Greengram3Application] [36mStarting Greengram3Application using Java 17.0.8.1 with PID 10592 (D:\java\greengram3\target\classes started by Administrator in D:\java\greengram3)[0;39m
[2023-12-05 09:49:36 [32mINFO [0;39m restartedMain] [com.green.greengram3.Greengram3Application] [36mNo active profile set, falling back to 1 default profile: "default"[0;39m
[2023-12-05 09:49:36 [32mINFO [0;39m restartedMain] [org.springframework.boot.web.embedded.tomcat.TomcatWebServer] [36mTomcat initialized with port 8080 (http)[0;39m
[2023-12-05 09:49:36 [32mINFO [0;39m restartedMain] [org.apache.coyote.http11.Http11NioProtocol] [36mInitializing ProtocolHandler ["http-nio-8080"][0;39m
[2023-12-05 09:49:36 [32mINFO [0;39m restartedMain] [org.apache.catalina.core.StandardService] [36mStarting service [Tomcat][0;39m
[2023-12-05 09:49:36 [32mINFO [0;39m restartedMain] [org.apache.catalina.core.StandardEngine] [36mStarting Servlet engine: [Apache Tomcat/10.1.16][0;39m
[2023-12-05 09:49:36 [32mINFO [0;39m restartedMain] [org.apache.catalina.core.ContainerBase.[Tomcat-1].[localhost].[/]] [36mInitializing Spring embedded WebApplicationContext[0;39m
[2023-12-05 09:49:36 [32mINFO [0;39m restartedMain] [org.springframework.boot.web.servlet.context.ServletWebServerApplicationContext] [36mRoot WebApplicationContext: initialization completed in 141 ms[0;39m
[2023-12-05 09:49:36 [32mINFO [0;39m restartedMain] [org.springframework.boot.autoconfigure.web.servlet.WelcomePageHandlerMapping] [36mAdding welcome page: class path resource [static/index.html][0;39m
[2023-12-05 09:49:36 [32mINFO [0;39m restartedMain] [org.springframework.boot.devtools.autoconfigure.OptionalLiveReloadServer] [36mLiveReload server is running on port 35729[0;39m
[2023-12-05 09:49:36 [32mINFO [0;39m restartedMain] [org.apache.coyote.http11.Http11NioProtocol] [36mStarting ProtocolHandler ["http-nio-8080"][0;39m
[2023-12-05 09:49:36 [32mINFO [0;39m restartedMain] [org.springframework.boot.web.embedded.tomcat.TomcatWebServer] [36mTomcat started on port 8080 (http) with context path ''[0;39m
[2023-12-05 09:49:36 [32mINFO [0;39m restartedMain] [com.green.greengram3.Greengram3Application] [36mStarted Greengram3Application in 0.257 seconds (process running for 59233.695)[0;39m
[2023-12-05 09:49:36 [32mINFO [0;39m restartedMain] [org.springframework.boot.devtools.autoconfigure.ConditionEvaluationDeltaLoggingListener] [36mCondition evaluation unchanged[0;39m
[2023-12-05 09:54:41 [32mINFO [0;39m File Watcher] [org.springframework.boot.devtools.autoconfigure.LocalDevToolsAutoConfiguration$RestartingClassPathChangeChangedEventListener] [36mRestarting due to 1 class path change (0 additions, 0 deletions, 1 modification)[0;39m
[2023-12-05 09:54:41 [32mINFO [0;39m Thread-46] [org.apache.coyote.http11.Http11NioProtocol] [36mStopping ProtocolHandler ["http-nio-8080"][0;39m
[2023-12-05 09:54:41 [32mINFO [0;39m restartedMain] [com.green.greengram3.Greengram3Application] [36mStarting Greengram3Application using Java 17.0.8.1 with PID 10592 (D:\java\greengram3\target\classes started by Administrator in D:\java\greengram3)[0;39m
[2023-12-05 09:54:41 [32mINFO [0;39m restartedMain] [com.green.greengram3.Greengram3Application] [36mNo active profile set, falling back to 1 default profile: "default"[0;39m
[2023-12-05 09:54:42 [32mINFO [0;39m restartedMain] [org.springframework.boot.web.embedded.tomcat.TomcatWebServer] [36mTomcat initialized with port 8080 (http)[0;39m
[2023-12-05 09:54:42 [32mINFO [0;39m restartedMain] [org.apache.coyote.http11.Http11NioProtocol] [36mInitializing ProtocolHandler ["http-nio-8080"][0;39m
[2023-12-05 09:54:42 [32mINFO [0;39m restartedMain] [org.apache.catalina.core.StandardService] [36mStarting service [Tomcat][0;39m
[2023-12-05 09:54:42 [32mINFO [0;39m restartedMain] [org.apache.catalina.core.StandardEngine] [36mStarting Servlet engine: [Apache Tomcat/10.1.16][0;39m
[2023-12-05 09:54:42 [32mINFO [0;39m restartedMain] [org.apache.catalina.core.ContainerBase.[Tomcat-1].[localhost].[/]] [36mInitializing Spring embedded WebApplicationContext[0;39m
[2023-12-05 09:54:42 [32mINFO [0;39m restartedMain] [org.springframework.boot.web.servlet.context.ServletWebServerApplicationContext] [36mRoot WebApplicationContext: initialization completed in 151 ms[0;39m
[2023-12-05 09:54:42 [32mINFO [0;39m restartedMain] [org.springframework.boot.autoconfigure.web.servlet.WelcomePageHandlerMapping] [36mAdding welcome page: class path resource [static/index.html][0;39m
[2023-12-05 09:54:42 [32mINFO [0;39m restartedMain] [org.springframework.boot.devtools.autoconfigure.OptionalLiveReloadServer] [36mLiveReload server is running on port 35729[0;39m
[2023-12-05 09:54:42 [32mINFO [0;39m restartedMain] [org.apache.coyote.http11.Http11NioProtocol] [36mStarting ProtocolHandler ["http-nio-8080"][0;39m
[2023-12-05 09:54:42 [32mINFO [0;39m restartedMain] [org.springframework.boot.web.embedded.tomcat.TomcatWebServer] [36mTomcat started on port 8080 (http) with context path ''[0;39m
[2023-12-05 09:54:42 [32mINFO [0;39m restartedMain] [com.green.greengram3.Greengram3Application] [36mStarted Greengram3Application in 0.282 seconds (process running for 59539.561)[0;39m
[2023-12-05 09:54:42 [32mINFO [0;39m restartedMain] [org.springframework.boot.devtools.autoconfigure.ConditionEvaluationDeltaLoggingListener] [36mCondition evaluation unchanged[0;39m
[2023-12-05 09:55:19 [32mINFO [0;39m File Watcher] [org.springframework.boot.devtools.autoconfigure.LocalDevToolsAutoConfiguration$RestartingClassPathChangeChangedEventListener] [36mRestarting due to 1 class path change (0 additions, 0 deletions, 1 modification)[0;39m
[2023-12-05 09:55:19 [32mINFO [0;39m Thread-50] [org.apache.coyote.http11.Http11NioProtocol] [36mStopping ProtocolHandler ["http-nio-8080"][0;39m
[2023-12-05 09:55:19 [32mINFO [0;39m restartedMain] [com.green.greengram3.Greengram3Application] [36mStarting Greengram3Application using Java 17.0.8.1 with PID 10592 (D:\java\greengram3\target\classes started by Administrator in D:\java\greengram3)[0;39m
[2023-12-05 09:55:19 [32mINFO [0;39m restartedMain] [com.green.greengram3.Greengram3Application] [36mNo active profile set, falling back to 1 default profile: "default"[0;39m
[2023-12-05 09:55:19 [32mINFO [0;39m restartedMain] [org.springframework.boot.web.embedded.tomcat.TomcatWebServer] [36mTomcat initialized with port 8080 (http)[0;39m
[2023-12-05 09:55:19 [32mINFO [0;39m restartedMain] [org.apache.coyote.http11.Http11NioProtocol] [36mInitializing ProtocolHandler ["http-nio-8080"][0;39m
[2023-12-05 09:55:19 [32mINFO [0;39m restartedMain] [org.apache.catalina.core.StandardService] [36mStarting service [Tomcat][0;39m
[2023-12-05 09:55:19 [32mINFO [0;39m restartedMain] [org.apache.catalina.core.StandardEngine] [36mStarting Servlet engine: [Apache Tomcat/10.1.16][0;39m
[2023-12-05 09:55:19 [32mINFO [0;39m restartedMain] [org.apache.catalina.core.ContainerBase.[Tomcat-1].[localhost].[/]] [36mInitializing Spring embedded WebApplicationContext[0;39m
[2023-12-05 09:55:19 [32mINFO [0;39m restartedMain] [org.springframework.boot.web.servlet.context.ServletWebServerApplicationContext] [36mRoot WebApplicationContext: initialization completed in 139 ms[0;39m
[2023-12-05 09:55:19 [32mINFO [0;39m restartedMain] [org.springframework.boot.autoconfigure.web.servlet.WelcomePageHandlerMapping] [36mAdding welcome page: class path resource [static/index.html][0;39m
[2023-12-05 09:55:19 [32mINFO [0;39m restartedMain] [org.springframework.boot.devtools.autoconfigure.OptionalLiveReloadServer] [36mLiveReload server is running on port 35729[0;39m
[2023-12-05 09:55:19 [32mINFO [0;39m restartedMain] [org.apache.coyote.http11.Http11NioProtocol] [36mStarting ProtocolHandler ["http-nio-8080"][0;39m
[2023-12-05 09:55:19 [32mINFO [0;39m restartedMain] [org.springframework.boot.web.embedded.tomcat.TomcatWebServer] [36mTomcat started on port 8080 (http) with context path ''[0;39m
[2023-12-05 09:55:19 [32mINFO [0;39m restartedMain] [com.green.greengram3.Greengram3Application] [36mStarted Greengram3Application in 0.249 seconds (process running for 59576.866)[0;39m
[2023-12-05 09:55:19 [32mINFO [0;39m restartedMain] [org.springframework.boot.devtools.autoconfigure.ConditionEvaluationDeltaLoggingListener] [36mCondition evaluation unchanged[0;39m
[2023-12-05 09:57:38 [32mINFO [0;39m restartedMain] [com.green.greengram3.Greengram3Application] [36mStarting Greengram3Application using Java 17.0.8.1 with PID 6676 (D:\java\greengram3\target\classes started by Administrator in D:\java\greengram3)[0;39m
[2023-12-05 09:57:38 [32mINFO [0;39m restartedMain] [com.green.greengram3.Greengram3Application] [36mNo active profile set, falling back to 1 default profile: "default"[0;39m
[2023-12-05 09:57:38 [32mINFO [0;39m restartedMain] [org.springframework.boot.devtools.env.DevToolsPropertyDefaultsPostProcessor] [36mDevtools property defaults active! Set 'spring.devtools.add-properties' to 'false' to disable[0;39m
[2023-12-05 09:57:38 [32mINFO [0;39m restartedMain] [org.springframework.boot.devtools.env.DevToolsPropertyDefaultsPostProcessor] [36mFor additional web related logging consider setting the 'logging.level.web' property to 'DEBUG'[0;39m
[2023-12-05 09:57:39 [32mINFO [0;39m restartedMain] [org.springframework.boot.web.embedded.tomcat.TomcatWebServer] [36mTomcat initialized with port 8080 (http)[0;39m
[2023-12-05 09:57:39 [32mINFO [0;39m restartedMain] [org.apache.coyote.http11.Http11NioProtocol] [36mInitializing ProtocolHandler ["http-nio-8080"][0;39m
[2023-12-05 09:57:39 [32mINFO [0;39m restartedMain] [org.apache.catalina.core.StandardService] [36mStarting service [Tomcat][0;39m
[2023-12-05 09:57:39 [32mINFO [0;39m restartedMain] [org.apache.catalina.core.StandardEngine] [36mStarting Servlet engine: [Apache Tomcat/10.1.16][0;39m
[2023-12-05 09:57:39 [32mINFO [0;39m restartedMain] [org.apache.catalina.core.ContainerBase.[Tomcat].[localhost].[/]] [36mInitializing Spring embedded WebApplicationContext[0;39m
[2023-12-05 09:57:39 [32mINFO [0;39m restartedMain] [org.springframework.boot.web.servlet.context.ServletWebServerApplicationContext] [36mRoot WebApplicationContext: initialization completed in 708 ms[0;39m
[2023-12-05 09:57:39 [32mINFO [0;39m restartedMain] [org.springframework.boot.autoconfigure.web.servlet.WelcomePageHandlerMapping] [36mAdding welcome page: class path resource [static/index.html][0;39m
[2023-12-05 09:57:40 [32mINFO [0;39m restartedMain] [org.springframework.boot.devtools.autoconfigure.OptionalLiveReloadServer] [36mLiveReload server is running on port 35729[0;39m
[2023-12-05 09:57:40 [32mINFO [0;39m restartedMain] [org.apache.coyote.http11.Http11NioProtocol] [36mStarting ProtocolHandler ["http-nio-8080"][0;39m
[2023-12-05 09:57:40 [32mINFO [0;39m restartedMain] [org.springframework.boot.web.embedded.tomcat.TomcatWebServer] [36mTomcat started on port 8080 (http) with context path ''[0;39m
[2023-12-05 09:57:40 [32mINFO [0;39m restartedMain] [com.green.greengram3.Greengram3Application] [36mStarted Greengram3Application in 1.53 seconds (process running for 1.878)[0;39m
[2023-12-05 09:57:46 [32mINFO [0;39m http-nio-8080-exec-1] [org.apache.catalina.core.ContainerBase.[Tomcat].[localhost].[/]] [36mInitializing Spring DispatcherServlet 'dispatcherServlet'[0;39m
[2023-12-05 09:57:46 [32mINFO [0;39m http-nio-8080-exec-1] [org.springframework.web.servlet.DispatcherServlet] [36mInitializing Servlet 'dispatcherServlet'[0;39m
[2023-12-05 09:57:46 [32mINFO [0;39m http-nio-8080-exec-1] [org.springframework.web.servlet.DispatcherServlet] [36mCompleted initialization in 0 ms[0;39m
[2023-12-05 09:57:46 [32mINFO [0;39m http-nio-8080-exec-4] [com.zaxxer.hikari.HikariDataSource] [36mHikariPool-1 - Starting...[0;39m
[2023-12-05 09:57:46 [32mINFO [0;39m http-nio-8080-exec-4] [com.zaxxer.hikari.pool.HikariPool] [36mHikariPool-1 - Added connection org.mariadb.jdbc.Connection@6524e91[0;39m
[2023-12-05 09:57:46 [32mINFO [0;39m http-nio-8080-exec-4] [com.zaxxer.hikari.HikariDataSource] [36mHikariPool-1 - Start completed.[0;39m
[2023-12-05 10:54:23 [32mINFO [0;39m File Watcher] [org.springframework.boot.devtools.autoconfigure.LocalDevToolsAutoConfiguration$RestartingClassPathChangeChangedEventListener] [36mRestarting due to 1 class path change (0 additions, 0 deletions, 1 modification)[0;39m
[2023-12-05 10:54:23 [32mINFO [0;39m Thread-5] [org.apache.coyote.http11.Http11NioProtocol] [36mStopping ProtocolHandler ["http-nio-8080"][0;39m
[2023-12-05 10:54:23 [32mINFO [0;39m Thread-5] [com.zaxxer.hikari.HikariDataSource] [36mHikariPool-1 - Shutdown initiated...[0;39m
[2023-12-05 10:54:23 [32mINFO [0;39m Thread-5] [com.zaxxer.hikari.HikariDataSource] [36mHikariPool-1 - Shutdown completed.[0;39m
[2023-12-05 10:54:24 [32mINFO [0;39m restartedMain] [com.green.greengram3.Greengram3Application] [36mStarting Greengram3Application using Java 17.0.8.1 with PID 6676 (D:\java\greengram3\target\classes started by Administrator in D:\java\greengram3)[0;39m
[2023-12-05 10:54:24 [32mINFO [0;39m restartedMain] [com.green.greengram3.Greengram3Application] [36mNo active profile set, falling back to 1 default profile: "default"[0;39m
[2023-12-05 10:54:24 [32mINFO [0;39m restartedMain] [org.springframework.boot.web.embedded.tomcat.TomcatWebServer] [36mTomcat initialized with port 8080 (http)[0;39m
[2023-12-05 10:54:24 [32mINFO [0;39m restartedMain] [org.apache.coyote.http11.Http11NioProtocol] [36mInitializing ProtocolHandler ["http-nio-8080"][0;39m
[2023-12-05 10:54:24 [32mINFO [0;39m restartedMain] [org.apache.catalina.core.StandardService] [36mStarting service [Tomcat][0;39m
[2023-12-05 10:54:24 [32mINFO [0;39m restartedMain] [org.apache.catalina.core.StandardEngine] [36mStarting Servlet engine: [Apache Tomcat/10.1.16][0;39m
[2023-12-05 10:54:24 [32mINFO [0;39m restartedMain] [org.apache.catalina.core.ContainerBase.[Tomcat].[localhost].[/]] [36mInitializing Spring embedded WebApplicationContext[0;39m
[2023-12-05 10:54:24 [32mINFO [0;39m restartedMain] [org.springframework.boot.web.servlet.context.ServletWebServerApplicationContext] [36mRoot WebApplicationContext: initialization completed in 185 ms[0;39m
[2023-12-05 10:54:24 [32mINFO [0;39m restartedMain] [org.springframework.boot.autoconfigure.web.servlet.WelcomePageHandlerMapping] [36mAdding welcome page: class path resource [static/index.html][0;39m
[2023-12-05 10:54:24 [32mINFO [0;39m restartedMain] [org.springframework.boot.devtools.autoconfigure.OptionalLiveReloadServer] [36mLiveReload server is running on port 35729[0;39m
[2023-12-05 10:54:24 [32mINFO [0;39m restartedMain] [org.apache.coyote.http11.Http11NioProtocol] [36mStarting ProtocolHandler ["http-nio-8080"][0;39m
[2023-12-05 10:54:24 [32mINFO [0;39m restartedMain] [org.springframework.boot.web.embedded.tomcat.TomcatWebServer] [36mTomcat started on port 8080 (http) with context path ''[0;39m
[2023-12-05 10:54:24 [32mINFO [0;39m restartedMain] [com.green.greengram3.Greengram3Application] [36mStarted Greengram3Application in 0.352 seconds (process running for 3406.063)[0;39m
[2023-12-05 10:54:24 [32mINFO [0;39m restartedMain] [org.springframework.boot.devtools.autoconfigure.ConditionEvaluationDeltaLoggingListener] [36mCondition evaluation unchanged[0;39m
[2023-12-05 10:57:32 [32mINFO [0;39m File Watcher] [org.springframework.boot.devtools.autoconfigure.LocalDevToolsAutoConfiguration$RestartingClassPathChangeChangedEventListener] [36mRestarting due to 1 class path change (0 additions, 1 deletion, 0 modifications)[0;39m
[2023-12-05 10:57:32 [32mINFO [0;39m Thread-7] [org.apache.coyote.http11.Http11NioProtocol] [36mStopping ProtocolHandler ["http-nio-8080"][0;39m
[2023-12-05 10:57:32 [32mINFO [0;39m restartedMain] [com.green.greengram3.Greengram3Application] [36mStarting Greengram3Application using Java 17.0.8.1 with PID 6676 (D:\java\greengram3\target\classes started by Administrator in D:\java\greengram3)[0;39m
[2023-12-05 10:57:32 [32mINFO [0;39m restartedMain] [com.green.greengram3.Greengram3Application] [36mNo active profile set, falling back to 1 default profile: "default"[0;39m
[2023-12-05 10:57:33 [32mINFO [0;39m restartedMain] [org.springframework.boot.web.embedded.tomcat.TomcatWebServer] [36mTomcat initialized with port 8080 (http)[0;39m
[2023-12-05 10:57:33 [32mINFO [0;39m restartedMain] [org.apache.coyote.http11.Http11NioProtocol] [36mInitializing ProtocolHandler ["http-nio-8080"][0;39m
[2023-12-05 10:57:33 [32mINFO [0;39m restartedMain] [org.apache.catalina.core.StandardService] [36mStarting service [Tomcat][0;39m
[2023-12-05 10:57:33 [32mINFO [0;39m restartedMain] [org.apache.catalina.core.StandardEngine] [36mStarting Servlet engine: [Apache Tomcat/10.1.16][0;39m
[2023-12-05 10:57:33 [32mINFO [0;39m restartedMain] [org.apache.catalina.core.ContainerBase.[Tomcat].[localhost].[/]] [36mInitializing Spring embedded WebApplicationContext[0;39m
[2023-12-05 10:57:33 [32mINFO [0;39m restartedMain] [org.springframework.boot.web.servlet.context.ServletWebServerApplicationContext] [36mRoot WebApplicationContext: initialization completed in 184 ms[0;39m
[2023-12-05 10:57:33 [32mINFO [0;39m restartedMain] [org.springframework.boot.autoconfigure.web.servlet.WelcomePageHandlerMapping] [36mAdding welcome page: class path resource [static/index.html][0;39m
[2023-12-05 10:57:33 [32mINFO [0;39m restartedMain] [org.springframework.boot.devtools.autoconfigure.OptionalLiveReloadServer] [36mLiveReload server is running on port 35729[0;39m
[2023-12-05 10:57:33 [32mINFO [0;39m restartedMain] [org.apache.coyote.http11.Http11NioProtocol] [36mStarting ProtocolHandler ["http-nio-8080"][0;39m
[2023-12-05 10:57:33 [32mINFO [0;39m restartedMain] [org.springframework.boot.web.embedded.tomcat.TomcatWebServer] [36mTomcat started on port 8080 (http) with context path ''[0;39m
[2023-12-05 10:57:33 [32mINFO [0;39m restartedMain] [com.green.greengram3.Greengram3Application] [36mStarted Greengram3Application in 0.347 seconds (process running for 3594.973)[0;39m
[2023-12-05 10:57:33 [32mINFO [0;39m restartedMain] [org.springframework.boot.devtools.autoconfigure.ConditionEvaluationDeltaLoggingListener] [36mCondition evaluation unchanged[0;39m
[2023-12-05 10:57:34 [32mINFO [0;39m File Watcher] [org.springframework.boot.devtools.autoconfigure.LocalDevToolsAutoConfiguration$RestartingClassPathChangeChangedEventListener] [36mRestarting due to 1 class path change (1 addition, 0 deletions, 0 modifications)[0;39m
[2023-12-05 10:57:34 [32mINFO [0;39m Thread-11] [org.apache.coyote.http11.Http11NioProtocol] [36mStopping ProtocolHandler ["http-nio-8080"][0;39m
[2023-12-05 10:57:34 [32mINFO [0;39m restartedMain] [com.green.greengram3.Greengram3Application] [36mStarting Greengram3Application using Java 17.0.8.1 with PID 6676 (D:\java\greengram3\target\classes started by Administrator in D:\java\greengram3)[0;39m
[2023-12-05 10:57:34 [32mINFO [0;39m restartedMain] [com.green.greengram3.Greengram3Application] [36mNo active profile set, falling back to 1 default profile: "default"[0;39m
[2023-12-05 10:57:34 [32mINFO [0;39m restartedMain] [org.springframework.boot.web.embedded.tomcat.TomcatWebServer] [36mTomcat initialized with port 8080 (http)[0;39m
[2023-12-05 10:57:34 [32mINFO [0;39m restartedMain] [org.apache.coyote.http11.Http11NioProtocol] [36mInitializing ProtocolHandler ["http-nio-8080"][0;39m
[2023-12-05 10:57:34 [32mINFO [0;39m restartedMain] [org.apache.catalina.core.StandardService] [36mStarting service [Tomcat][0;39m
[2023-12-05 10:57:34 [32mINFO [0;39m restartedMain] [org.apache.catalina.core.StandardEngine] [36mStarting Servlet engine: [Apache Tomcat/10.1.16][0;39m
[2023-12-05 10:57:34 [32mINFO [0;39m restartedMain] [org.apache.catalina.core.ContainerBase.[Tomcat].[localhost].[/]] [36mInitializing Spring embedded WebApplicationContext[0;39m
[2023-12-05 10:57:34 [32mINFO [0;39m restartedMain] [org.springframework.boot.web.servlet.context.ServletWebServerApplicationContext] [36mRoot WebApplicationContext: initialization completed in 147 ms[0;39m
[2023-12-05 10:57:34 [32mINFO [0;39m restartedMain] [org.springframework.boot.autoconfigure.web.servlet.WelcomePageHandlerMapping] [36mAdding welcome page: class path resource [static/index.html][0;39m
[2023-12-05 10:57:35 [32mINFO [0;39m restartedMain] [org.springframework.boot.devtools.autoconfigure.OptionalLiveReloadServer] [36mLiveReload server is running on port 35729[0;39m
[2023-12-05 10:57:35 [32mINFO [0;39m restartedMain] [org.apache.coyote.http11.Http11NioProtocol] [36mStarting ProtocolHandler ["http-nio-8080"][0;39m
[2023-12-05 10:57:35 [32mINFO [0;39m restartedMain] [org.springframework.boot.web.embedded.tomcat.TomcatWebServer] [36mTomcat started on port 8080 (http) with context path ''[0;39m
[2023-12-05 10:57:35 [32mINFO [0;39m restartedMain] [com.green.greengram3.Greengram3Application] [36mStarted Greengram3Application in 0.284 seconds (process running for 3596.707)[0;39m
[2023-12-05 10:57:35 [32mINFO [0;39m restartedMain] [org.springframework.boot.devtools.autoconfigure.ConditionEvaluationDeltaLoggingListener] [36mCondition evaluation unchanged[0;39m
[2023-12-05 11:10:03 [32mINFO [0;39m restartedMain] [com.green.greengram3.Greengram3Application] [36mStarting Greengram3Application using Java 17.0.8.1 with PID 12420 (D:\java\greengram3\target\classes started by Administrator in D:\java\greengram3)[0;39m
[2023-12-05 11:10:03 [32mINFO [0;39m restartedMain] [com.green.greengram3.Greengram3Application] [36mNo active profile set, falling back to 1 default profile: "default"[0;39m
[2023-12-05 11:10:03 [32mINFO [0;39m restartedMain] [org.springframework.boot.devtools.env.DevToolsPropertyDefaultsPostProcessor] [36mDevtools property defaults active! Set 'spring.devtools.add-properties' to 'false' to disable[0;39m
[2023-12-05 11:10:03 [32mINFO [0;39m restartedMain] [org.springframework.boot.devtools.env.DevToolsPropertyDefaultsPostProcessor] [36mFor additional web related logging consider setting the 'logging.level.web' property to 'DEBUG'[0;39m
[2023-12-05 11:10:03 [32mINFO [0;39m restartedMain] [org.springframework.boot.web.embedded.tomcat.TomcatWebServer] [36mTomcat initialized with port 8080 (http)[0;39m
[2023-12-05 11:10:04 [32mINFO [0;39m restartedMain] [org.apache.coyote.http11.Http11NioProtocol] [36mInitializing ProtocolHandler ["http-nio-8080"][0;39m
[2023-12-05 11:10:04 [32mINFO [0;39m restartedMain] [org.apache.catalina.core.StandardService] [36mStarting service [Tomcat][0;39m
[2023-12-05 11:10:04 [32mINFO [0;39m restartedMain] [org.apache.catalina.core.StandardEngine] [36mStarting Servlet engine: [Apache Tomcat/10.1.16][0;39m
[2023-12-05 11:10:04 [32mINFO [0;39m restartedMain] [org.apache.catalina.core.ContainerBase.[Tomcat].[localhost].[/]] [36mInitializing Spring embedded WebApplicationContext[0;39m
[2023-12-05 11:10:04 [32mINFO [0;39m restartedMain] [org.springframework.boot.web.servlet.context.ServletWebServerApplicationContext] [36mRoot WebApplicationContext: initialization completed in 711 ms[0;39m
[2023-12-05 11:10:04 [32mINFO [0;39m restartedMain] [org.springframework.boot.autoconfigure.web.servlet.WelcomePageHandlerMapping] [36mAdding welcome page: class path resource [static/index.html][0;39m
[2023-12-05 11:10:04 [32mINFO [0;39m restartedMain] [org.springframework.boot.devtools.autoconfigure.OptionalLiveReloadServer] [36mLiveReload server is running on port 35729[0;39m
[2023-12-05 11:10:04 [32mINFO [0;39m restartedMain] [org.apache.coyote.http11.Http11NioProtocol] [36mStarting ProtocolHandler ["http-nio-8080"][0;39m
[2023-12-05 11:10:04 [32mINFO [0;39m restartedMain] [org.springframework.boot.web.embedded.tomcat.TomcatWebServer] [36mTomcat started on port 8080 (http) with context path ''[0;39m
[2023-12-05 11:10:04 [32mINFO [0;39m restartedMain] [com.green.greengram3.Greengram3Application] [36mStarted Greengram3Application in 1.561 seconds (process running for 1.993)[0;39m
[2023-12-05 11:11:55 [32mINFO [0;39m restartedMain] [com.green.greengram3.Greengram3Application] [36mStarting Greengram3Application using Java 17.0.8.1 with PID 3532 (D:\java\greengram3\target\classes started by Administrator in D:\java\greengram3)[0;39m
[2023-12-05 11:11:55 [32mINFO [0;39m restartedMain] [com.green.greengram3.Greengram3Application] [36mNo active profile set, falling back to 1 default profile: "default"[0;39m
[2023-12-05 11:11:55 [32mINFO [0;39m restartedMain] [org.springframework.boot.devtools.env.DevToolsPropertyDefaultsPostProcessor] [36mDevtools property defaults active! Set 'spring.devtools.add-properties' to 'false' to disable[0;39m
[2023-12-05 11:11:55 [32mINFO [0;39m restartedMain] [org.springframework.boot.devtools.env.DevToolsPropertyDefaultsPostProcessor] [36mFor additional web related logging consider setting the 'logging.level.web' property to 'DEBUG'[0;39m
[2023-12-05 11:11:55 [32mINFO [0;39m restartedMain] [org.springframework.boot.web.embedded.tomcat.TomcatWebServer] [36mTomcat initialized with port 8080 (http)[0;39m
[2023-12-05 11:11:55 [32mINFO [0;39m restartedMain] [org.apache.coyote.http11.Http11NioProtocol] [36mInitializing ProtocolHandler ["http-nio-8080"][0;39m
[2023-12-05 11:11:55 [32mINFO [0;39m restartedMain] [org.apache.catalina.core.StandardService] [36mStarting service [Tomcat][0;39m
[2023-12-05 11:11:55 [32mINFO [0;39m restartedMain] [org.apache.catalina.core.StandardEngine] [36mStarting Servlet engine: [Apache Tomcat/10.1.16][0;39m
[2023-12-05 11:11:55 [32mINFO [0;39m restartedMain] [org.apache.catalina.core.ContainerBase.[Tomcat].[localhost].[/]] [36mInitializing Spring embedded WebApplicationContext[0;39m
[2023-12-05 11:11:55 [32mINFO [0;39m restartedMain] [org.springframework.boot.web.servlet.context.ServletWebServerApplicationContext] [36mRoot WebApplicationContext: initialization completed in 722 ms[0;39m
[2023-12-05 11:11:56 [32mINFO [0;39m restartedMain] [org.springframework.boot.autoconfigure.web.servlet.WelcomePageHandlerMapping] [36mAdding welcome page: class path resource [static/index.html][0;39m
[2023-12-05 11:11:56 [32mINFO [0;39m restartedMain] [org.springframework.boot.devtools.autoconfigure.OptionalLiveReloadServer] [36mLiveReload server is running on port 35729[0;39m
[2023-12-05 11:11:56 [32mINFO [0;39m restartedMain] [org.apache.coyote.http11.Http11NioProtocol] [36mStarting ProtocolHandler ["http-nio-8080"][0;39m
[2023-12-05 11:11:56 [32mINFO [0;39m restartedMain] [org.springframework.boot.web.embedded.tomcat.TomcatWebServer] [36mTomcat started on port 8080 (http) with context path ''[0;39m
[2023-12-05 11:11:56 [32mINFO [0;39m restartedMain] [com.green.greengram3.Greengram3Application] [36mStarted Greengram3Application in 1.571 seconds (process running for 1.939)[0;39m
[2023-12-05 11:12:06 [32mINFO [0;39m http-nio-8080-exec-1] [org.apache.catalina.core.ContainerBase.[Tomcat].[localhost].[/]] [36mInitializing Spring DispatcherServlet 'dispatcherServlet'[0;39m
[2023-12-05 11:12:06 [32mINFO [0;39m http-nio-8080-exec-1] [org.springframework.web.servlet.DispatcherServlet] [36mInitializing Servlet 'dispatcherServlet'[0;39m
[2023-12-05 11:12:06 [32mINFO [0;39m http-nio-8080-exec-1] [org.springframework.web.servlet.DispatcherServlet] [36mCompleted initialization in 0 ms[0;39m
[2023-12-05 11:12:06 [32mINFO [0;39m http-nio-8080-exec-7] [com.zaxxer.hikari.HikariDataSource] [36mHikariPool-1 - Starting...[0;39m
[2023-12-05 11:12:06 [32mINFO [0;39m http-nio-8080-exec-7] [com.zaxxer.hikari.pool.HikariPool] [36mHikariPool-1 - Added connection org.mariadb.jdbc.Connection@67a1d428[0;39m
[2023-12-05 11:12:06 [32mINFO [0;39m http-nio-8080-exec-7] [com.zaxxer.hikari.HikariDataSource] [36mHikariPool-1 - Start completed.[0;39m
[2023-12-05 11:55:23 [32mINFO [0;39m File Watcher] [org.springframework.boot.devtools.autoconfigure.LocalDevToolsAutoConfiguration$RestartingClassPathChangeChangedEventListener] [36mRestarting due to 1 class path change (0 additions, 0 deletions, 1 modification)[0;39m
[2023-12-05 11:55:23 [32mINFO [0;39m Thread-5] [org.apache.coyote.http11.Http11NioProtocol] [36mStopping ProtocolHandler ["http-nio-8080"][0;39m
[2023-12-05 11:55:23 [32mINFO [0;39m Thread-5] [com.zaxxer.hikari.HikariDataSource] [36mHikariPool-1 - Shutdown initiated...[0;39m
[2023-12-05 11:55:23 [32mINFO [0;39m Thread-5] [com.zaxxer.hikari.HikariDataSource] [36mHikariPool-1 - Shutdown completed.[0;39m
[2023-12-05 11:55:23 [32mINFO [0;39m restartedMain] [com.green.greengram3.Greengram3Application] [36mStarting Greengram3Application using Java 17.0.8.1 with PID 3532 (D:\java\greengram3\target\classes started by Administrator in D:\java\greengram3)[0;39m
[2023-12-05 11:55:23 [32mINFO [0;39m restartedMain] [com.green.greengram3.Greengram3Application] [36mNo active profile set, falling back to 1 default profile: "default"[0;39m
[2023-12-05 11:55:23 [32mINFO [0;39m restartedMain] [org.springframework.boot.web.embedded.tomcat.TomcatWebServer] [36mTomcat initialized with port 8080 (http)[0;39m
[2023-12-05 11:55:23 [32mINFO [0;39m restartedMain] [org.apache.coyote.http11.Http11NioProtocol] [36mInitializing ProtocolHandler ["http-nio-8080"][0;39m
[2023-12-05 11:55:23 [32mINFO [0;39m restartedMain] [org.apache.catalina.core.StandardService] [36mStarting service [Tomcat][0;39m
[2023-12-05 11:55:23 [32mINFO [0;39m restartedMain] [org.apache.catalina.core.StandardEngine] [36mStarting Servlet engine: [Apache Tomcat/10.1.16][0;39m
[2023-12-05 11:55:23 [32mINFO [0;39m restartedMain] [org.apache.catalina.core.ContainerBase.[Tomcat].[localhost].[/]] [36mInitializing Spring embedded WebApplicationContext[0;39m
[2023-12-05 11:55:23 [32mINFO [0;39m restartedMain] [org.springframework.boot.web.servlet.context.ServletWebServerApplicationContext] [36mRoot WebApplicationContext: initialization completed in 200 ms[0;39m
[2023-12-05 11:55:24 [32mINFO [0;39m restartedMain] [org.springframework.boot.autoconfigure.web.servlet.WelcomePageHandlerMapping] [36mAdding welcome page: class path resource [static/index.html][0;39m
[2023-12-05 11:55:24 [32mINFO [0;39m restartedMain] [org.springframework.boot.devtools.autoconfigure.OptionalLiveReloadServer] [36mLiveReload server is running on port 35729[0;39m
[2023-12-05 11:55:24 [32mINFO [0;39m restartedMain] [org.apache.coyote.http11.Http11NioProtocol] [36mStarting ProtocolHandler ["http-nio-8080"][0;39m
[2023-12-05 11:55:24 [32mINFO [0;39m restartedMain] [org.springframework.boot.web.embedded.tomcat.TomcatWebServer] [36mTomcat started on port 8080 (http) with context path ''[0;39m
[2023-12-05 11:55:24 [32mINFO [0;39m restartedMain] [com.green.greengram3.Greengram3Application] [36mStarted Greengram3Application in 0.371 seconds (process running for 2609.683)[0;39m
[2023-12-05 11:55:24 [32mINFO [0;39m restartedMain] [org.springframework.boot.devtools.autoconfigure.ConditionEvaluationDeltaLoggingListener] [36mCondition evaluation unchanged[0;39m
[2023-12-05 17:02:32 [32mINFO [0;39m http-nio-8080-exec-1] [org.apache.catalina.core.ContainerBase.[Tomcat].[localhost].[/]] [36mInitializing Spring DispatcherServlet 'dispatcherServlet'[0;39m
[2023-12-05 17:02:32 [32mINFO [0;39m http-nio-8080-exec-1] [org.springframework.web.servlet.DispatcherServlet] [36mInitializing Servlet 'dispatcherServlet'[0;39m
[2023-12-05 17:02:32 [32mINFO [0;39m http-nio-8080-exec-1] [org.springframework.web.servlet.DispatcherServlet] [36mCompleted initialization in 1 ms[0;39m
